{"@timestamp":"2023-07-11T11:54:12.5732937+02:00","@version":"1","message":"Starting GrafanaInfrastructureApplication using Java 17.0.7 with PID 20112 (C:\\Proyectos\\own\\grafana-infrastructure\\target\\classes started by Ras in C:\\Proyectos\\own\\grafana-infrastructure)","logger_name":"com.rasrov.grafana.infra.GrafanaInfrastructureApplication","thread_name":"main","level":"INFO","level_value":20000}
{"@timestamp":"2023-07-11T11:54:12.579294+02:00","@version":"1","message":"No active profile set, falling back to 1 default profile: \"default\"","logger_name":"com.rasrov.grafana.infra.GrafanaInfrastructureApplication","thread_name":"main","level":"INFO","level_value":20000}
{"@timestamp":"2023-07-11T11:54:13.3458577+02:00","@version":"1","message":"Bootstrapping Spring Data JPA repositories in DEFAULT mode.","logger_name":"org.springframework.data.repository.config.RepositoryConfigurationDelegate","thread_name":"main","level":"INFO","level_value":20000}
{"@timestamp":"2023-07-11T11:54:13.4075319+02:00","@version":"1","message":"Finished Spring Data repository scanning in 42 ms. Found 1 JPA repository interfaces.","logger_name":"org.springframework.data.repository.config.RepositoryConfigurationDelegate","thread_name":"main","level":"INFO","level_value":20000}
{"@timestamp":"2023-07-11T11:54:13.9082221+02:00","@version":"1","message":"Tomcat initialized with port(s): 8080 (http)","logger_name":"org.springframework.boot.web.embedded.tomcat.TomcatWebServer","thread_name":"main","level":"INFO","level_value":20000}
{"@timestamp":"2023-07-11T11:54:13.9162198+02:00","@version":"1","message":"Starting service [Tomcat]","logger_name":"org.apache.catalina.core.StandardService","thread_name":"main","level":"INFO","level_value":20000}
{"@timestamp":"2023-07-11T11:54:13.9172222+02:00","@version":"1","message":"Starting Servlet engine: [Apache Tomcat/10.1.10]","logger_name":"org.apache.catalina.core.StandardEngine","thread_name":"main","level":"INFO","level_value":20000}
{"@timestamp":"2023-07-11T11:54:14.0050486+02:00","@version":"1","message":"Initializing Spring embedded WebApplicationContext","logger_name":"org.apache.catalina.core.ContainerBase.[Tomcat].[localhost].[/]","thread_name":"main","level":"INFO","level_value":20000}
{"@timestamp":"2023-07-11T11:54:14.0060498+02:00","@version":"1","message":"Root WebApplicationContext: initialization completed in 1393 ms","logger_name":"org.springframework.boot.web.servlet.context.ServletWebServerApplicationContext","thread_name":"main","level":"INFO","level_value":20000}
{"@timestamp":"2023-07-11T11:54:14.2409998+02:00","@version":"1","message":"Building JPA container EntityManagerFactory for persistence unit 'default'","logger_name":"org.springframework.orm.jpa.LocalContainerEntityManagerFactoryBean","thread_name":"main","level":"DEBUG","level_value":10000}
{"@timestamp":"2023-07-11T11:54:14.2539998+02:00","@version":"1","message":"HHH000204: Processing PersistenceUnitInfo [name: default]","logger_name":"org.hibernate.jpa.internal.util.LogHelper","thread_name":"main","level":"INFO","level_value":20000}
{"@timestamp":"2023-07-11T11:54:14.3049988+02:00","@version":"1","message":"HHH000412: Hibernate ORM core version 6.2.5.Final","logger_name":"org.hibernate.Version","thread_name":"main","level":"INFO","level_value":20000}
{"@timestamp":"2023-07-11T11:54:14.3070011+02:00","@version":"1","message":"HHH000406: Using bytecode reflection optimizer","logger_name":"org.hibernate.cfg.Environment","thread_name":"main","level":"INFO","level_value":20000}
{"@timestamp":"2023-07-11T11:54:14.4110779+02:00","@version":"1","message":"HHH000021: Bytecode provider name : bytebuddy","logger_name":"org.hibernate.bytecode.internal.BytecodeProviderInitiator","thread_name":"main","level":"INFO","level_value":20000}
{"@timestamp":"2023-07-11T11:54:14.5340779+02:00","@version":"1","message":"No LoadTimeWeaver setup: ignoring JPA class transformer","logger_name":"org.springframework.orm.jpa.persistenceunit.SpringPersistenceUnitInfo","thread_name":"main","level":"INFO","level_value":20000}
{"@timestamp":"2023-07-11T11:54:14.5532742+02:00","@version":"1","message":"HikariPool-1 - Starting...","logger_name":"com.zaxxer.hikari.HikariDataSource","thread_name":"main","level":"INFO","level_value":20000}
{"@timestamp":"2023-07-11T11:54:14.6391857+02:00","@version":"1","message":"HikariPool-1 - Added connection org.postgresql.jdbc.PgConnection@474ce6b8","logger_name":"com.zaxxer.hikari.pool.HikariPool","thread_name":"main","level":"INFO","level_value":20000}
{"@timestamp":"2023-07-11T11:54:14.6406946+02:00","@version":"1","message":"HikariPool-1 - Start completed.","logger_name":"com.zaxxer.hikari.HikariDataSource","thread_name":"main","level":"INFO","level_value":20000}
{"@timestamp":"2023-07-11T11:54:14.8576642+02:00","@version":"1","message":"HHH000021: Bytecode provider name : bytebuddy","logger_name":"org.hibernate.bytecode.internal.BytecodeProviderInitiator","thread_name":"main","level":"INFO","level_value":20000}
{"@timestamp":"2023-07-11T11:54:15.3223746+02:00","@version":"1","message":"HHH000490: Using JtaPlatform implementation: [org.hibernate.engine.transaction.jta.platform.internal.NoJtaPlatform]","logger_name":"org.hibernate.engine.transaction.jta.platform.internal.JtaPlatformInitiator","thread_name":"main","level":"INFO","level_value":20000}
{"@timestamp":"2023-07-11T11:54:15.3334203+02:00","@version":"1","message":"drop table if exists simple cascade","logger_name":"org.hibernate.SQL","thread_name":"main","level":"DEBUG","level_value":10000}
{"@timestamp":"2023-07-11T11:54:15.3371998+02:00","@version":"1","message":"SQL Warning Code: 0, SQLState: 00000","logger_name":"org.hibernate.engine.jdbc.spi.SqlExceptionHelper","thread_name":"main","level":"WARN","level_value":30000}
{"@timestamp":"2023-07-11T11:54:15.3376977+02:00","@version":"1","message":"table \"simple\" does not exist, skipping","logger_name":"org.hibernate.engine.jdbc.spi.SqlExceptionHelper","thread_name":"main","level":"WARN","level_value":30000}
{"@timestamp":"2023-07-11T11:54:15.3376977+02:00","@version":"1","message":"drop sequence if exists simple_seq","logger_name":"org.hibernate.SQL","thread_name":"main","level":"DEBUG","level_value":10000}
{"@timestamp":"2023-07-11T11:54:15.3386979+02:00","@version":"1","message":"SQL Warning Code: 0, SQLState: 00000","logger_name":"org.hibernate.engine.jdbc.spi.SqlExceptionHelper","thread_name":"main","level":"WARN","level_value":30000}
{"@timestamp":"2023-07-11T11:54:15.3391984+02:00","@version":"1","message":"sequence \"simple_seq\" does not exist, skipping","logger_name":"org.hibernate.engine.jdbc.spi.SqlExceptionHelper","thread_name":"main","level":"WARN","level_value":30000}
{"@timestamp":"2023-07-11T11:54:15.3422002+02:00","@version":"1","message":"create sequence simple_seq start with 1 increment by 50","logger_name":"org.hibernate.SQL","thread_name":"main","level":"DEBUG","level_value":10000}
{"@timestamp":"2023-07-11T11:54:15.3930982+02:00","@version":"1","message":"create table simple (id bigint not null, description varchar(255), primary key (id))","logger_name":"org.hibernate.SQL","thread_name":"main","level":"DEBUG","level_value":10000}
{"@timestamp":"2023-07-11T11:54:15.4149354+02:00","@version":"1","message":"Initialized JPA EntityManagerFactory for persistence unit 'default'","logger_name":"org.springframework.orm.jpa.LocalContainerEntityManagerFactoryBean","thread_name":"main","level":"INFO","level_value":20000}
{"@timestamp":"2023-07-11T11:54:15.4907637+02:00","@version":"1","message":"Creating new EntityManager for shared EntityManager invocation","logger_name":"org.springframework.orm.jpa.SharedEntityManagerCreator$SharedEntityManagerInvocationHandler","thread_name":"main","level":"DEBUG","level_value":10000}
{"@timestamp":"2023-07-11T11:54:15.5230043+02:00","@version":"1","message":"Creating new EntityManager for shared EntityManager invocation","logger_name":"org.springframework.orm.jpa.SharedEntityManagerCreator$SharedEntityManagerInvocationHandler","thread_name":"main","level":"DEBUG","level_value":10000}
{"@timestamp":"2023-07-11T11:54:15.5824992+02:00","@version":"1","message":"Creating new EntityManager for shared EntityManager invocation","logger_name":"org.springframework.orm.jpa.SharedEntityManagerCreator$SharedEntityManagerInvocationHandler","thread_name":"main","level":"DEBUG","level_value":10000}
{"@timestamp":"2023-07-11T11:54:15.6667118+02:00","@version":"1","message":"spring.jpa.open-in-view is enabled by default. Therefore, database queries may be performed during view rendering. Explicitly configure spring.jpa.open-in-view to disable this warning","logger_name":"org.springframework.boot.autoconfigure.orm.jpa.JpaBaseConfiguration$JpaWebConfiguration","thread_name":"main","level":"WARN","level_value":30000}
{"@timestamp":"2023-07-11T11:54:16.074525+02:00","@version":"1","message":"Exposing 14 endpoint(s) beneath base path '/actuator'","logger_name":"org.springframework.boot.actuate.endpoint.web.EndpointLinksResolver","thread_name":"main","level":"INFO","level_value":20000}
{"@timestamp":"2023-07-11T11:54:16.1633332+02:00","@version":"1","message":"Tomcat started on port(s): 8080 (http) with context path ''","logger_name":"org.springframework.boot.web.embedded.tomcat.TomcatWebServer","thread_name":"main","level":"INFO","level_value":20000}
{"@timestamp":"2023-07-11T11:54:16.1743325+02:00","@version":"1","message":"Started GrafanaInfrastructureApplication in 3.904 seconds (process running for 4.541)","logger_name":"com.rasrov.grafana.infra.GrafanaInfrastructureApplication","thread_name":"main","level":"INFO","level_value":20000}
{"@timestamp":"2023-07-11T11:54:18.9197566+02:00","@version":"1","message":"Initializing Spring DispatcherServlet 'dispatcherServlet'","logger_name":"org.apache.catalina.core.ContainerBase.[Tomcat].[localhost].[/]","thread_name":"http-nio-8080-exec-1","level":"INFO","level_value":20000}
{"@timestamp":"2023-07-11T11:54:18.9207552+02:00","@version":"1","message":"Initializing Servlet 'dispatcherServlet'","logger_name":"org.springframework.web.servlet.DispatcherServlet","thread_name":"http-nio-8080-exec-1","level":"INFO","level_value":20000}
{"@timestamp":"2023-07-11T11:54:18.9217552+02:00","@version":"1","message":"Completed initialization in 1 ms","logger_name":"org.springframework.web.servlet.DispatcherServlet","thread_name":"http-nio-8080-exec-1","level":"INFO","level_value":20000}
{"@timestamp":"2023-07-11T11:58:53.6687737+02:00","@version":"1","message":"Closing JPA EntityManagerFactory for persistence unit 'default'","logger_name":"org.springframework.orm.jpa.LocalContainerEntityManagerFactoryBean","thread_name":"SpringApplicationShutdownHook","level":"INFO","level_value":20000}
{"@timestamp":"2023-07-11T11:58:53.6697747+02:00","@version":"1","message":"drop table if exists simple cascade","logger_name":"org.hibernate.SQL","thread_name":"SpringApplicationShutdownHook","level":"DEBUG","level_value":10000}
{"@timestamp":"2023-07-11T11:58:53.6924197+02:00","@version":"1","message":"drop sequence if exists simple_seq","logger_name":"org.hibernate.SQL","thread_name":"SpringApplicationShutdownHook","level":"DEBUG","level_value":10000}
{"@timestamp":"2023-07-11T11:58:53.7162748+02:00","@version":"1","message":"HikariPool-1 - Shutdown initiated...","logger_name":"com.zaxxer.hikari.HikariDataSource","thread_name":"SpringApplicationShutdownHook","level":"INFO","level_value":20000}
{"@timestamp":"2023-07-11T11:58:53.7184742+02:00","@version":"1","message":"HikariPool-1 - Shutdown completed.","logger_name":"com.zaxxer.hikari.HikariDataSource","thread_name":"SpringApplicationShutdownHook","level":"INFO","level_value":20000}
{"@timestamp":"2023-07-11T11:59:18.2694874+02:00","@version":"1","message":"Starting GrafanaInfrastructureApplication using Java 17.0.7 with PID 18760 (C:\\Proyectos\\own\\grafana-infrastructure\\target\\classes started by Ras in C:\\Proyectos\\own\\grafana-infrastructure)","logger_name":"com.rasrov.grafana.infra.GrafanaInfrastructureApplication","thread_name":"main","level":"INFO","level_value":20000}
{"@timestamp":"2023-07-11T11:59:18.2764869+02:00","@version":"1","message":"No active profile set, falling back to 1 default profile: \"default\"","logger_name":"com.rasrov.grafana.infra.GrafanaInfrastructureApplication","thread_name":"main","level":"INFO","level_value":20000}
{"@timestamp":"2023-07-11T11:59:19.2559417+02:00","@version":"1","message":"Bootstrapping Spring Data JPA repositories in DEFAULT mode.","logger_name":"org.springframework.data.repository.config.RepositoryConfigurationDelegate","thread_name":"main","level":"INFO","level_value":20000}
{"@timestamp":"2023-07-11T11:59:19.3270003+02:00","@version":"1","message":"Finished Spring Data repository scanning in 63 ms. Found 1 JPA repository interfaces.","logger_name":"org.springframework.data.repository.config.RepositoryConfigurationDelegate","thread_name":"main","level":"INFO","level_value":20000}
{"@timestamp":"2023-07-11T11:59:19.9402927+02:00","@version":"1","message":"Tomcat initialized with port(s): 8080 (http)","logger_name":"org.springframework.boot.web.embedded.tomcat.TomcatWebServer","thread_name":"main","level":"INFO","level_value":20000}
{"@timestamp":"2023-07-11T11:59:19.9482906+02:00","@version":"1","message":"Starting service [Tomcat]","logger_name":"org.apache.catalina.core.StandardService","thread_name":"main","level":"INFO","level_value":20000}
{"@timestamp":"2023-07-11T11:59:19.9482906+02:00","@version":"1","message":"Starting Servlet engine: [Apache Tomcat/10.1.10]","logger_name":"org.apache.catalina.core.StandardEngine","thread_name":"main","level":"INFO","level_value":20000}
{"@timestamp":"2023-07-11T11:59:20.0268693+02:00","@version":"1","message":"Initializing Spring embedded WebApplicationContext","logger_name":"org.apache.catalina.core.ContainerBase.[Tomcat].[localhost].[/]","thread_name":"main","level":"INFO","level_value":20000}
{"@timestamp":"2023-07-11T11:59:20.0268693+02:00","@version":"1","message":"Root WebApplicationContext: initialization completed in 1712 ms","logger_name":"org.springframework.boot.web.servlet.context.ServletWebServerApplicationContext","thread_name":"main","level":"INFO","level_value":20000}
{"@timestamp":"2023-07-11T11:59:20.2470084+02:00","@version":"1","message":"Building JPA container EntityManagerFactory for persistence unit 'default'","logger_name":"org.springframework.orm.jpa.LocalContainerEntityManagerFactoryBean","thread_name":"main","level":"DEBUG","level_value":10000}
{"@timestamp":"2023-07-11T11:59:20.2657871+02:00","@version":"1","message":"HHH000204: Processing PersistenceUnitInfo [name: default]","logger_name":"org.hibernate.jpa.internal.util.LogHelper","thread_name":"main","level":"INFO","level_value":20000}
{"@timestamp":"2023-07-11T11:59:20.3152325+02:00","@version":"1","message":"HHH000412: Hibernate ORM core version 6.2.5.Final","logger_name":"org.hibernate.Version","thread_name":"main","level":"INFO","level_value":20000}
{"@timestamp":"2023-07-11T11:59:20.3182324+02:00","@version":"1","message":"HHH000406: Using bytecode reflection optimizer","logger_name":"org.hibernate.cfg.Environment","thread_name":"main","level":"INFO","level_value":20000}
{"@timestamp":"2023-07-11T11:59:20.4287142+02:00","@version":"1","message":"HHH000021: Bytecode provider name : bytebuddy","logger_name":"org.hibernate.bytecode.internal.BytecodeProviderInitiator","thread_name":"main","level":"INFO","level_value":20000}
{"@timestamp":"2023-07-11T11:59:20.5466069+02:00","@version":"1","message":"No LoadTimeWeaver setup: ignoring JPA class transformer","logger_name":"org.springframework.orm.jpa.persistenceunit.SpringPersistenceUnitInfo","thread_name":"main","level":"INFO","level_value":20000}
{"@timestamp":"2023-07-11T11:59:20.5616624+02:00","@version":"1","message":"HikariPool-1 - Starting...","logger_name":"com.zaxxer.hikari.HikariDataSource","thread_name":"main","level":"INFO","level_value":20000}
{"@timestamp":"2023-07-11T11:59:20.6819619+02:00","@version":"1","message":"HikariPool-1 - Added connection org.postgresql.jdbc.PgConnection@70f5f59d","logger_name":"com.zaxxer.hikari.pool.HikariPool","thread_name":"main","level":"INFO","level_value":20000}
{"@timestamp":"2023-07-11T11:59:20.682962+02:00","@version":"1","message":"HikariPool-1 - Start completed.","logger_name":"com.zaxxer.hikari.HikariDataSource","thread_name":"main","level":"INFO","level_value":20000}
{"@timestamp":"2023-07-11T11:59:20.8961962+02:00","@version":"1","message":"HHH000021: Bytecode provider name : bytebuddy","logger_name":"org.hibernate.bytecode.internal.BytecodeProviderInitiator","thread_name":"main","level":"INFO","level_value":20000}
{"@timestamp":"2023-07-11T11:59:21.3028531+02:00","@version":"1","message":"HHH000490: Using JtaPlatform implementation: [org.hibernate.engine.transaction.jta.platform.internal.NoJtaPlatform]","logger_name":"org.hibernate.engine.transaction.jta.platform.internal.JtaPlatformInitiator","thread_name":"main","level":"INFO","level_value":20000}
{"@timestamp":"2023-07-11T11:59:21.3118534+02:00","@version":"1","message":"drop table if exists simple cascade","logger_name":"org.hibernate.SQL","thread_name":"main","level":"DEBUG","level_value":10000}
{"@timestamp":"2023-07-11T11:59:21.3161856+02:00","@version":"1","message":"SQL Warning Code: 0, SQLState: 00000","logger_name":"org.hibernate.engine.jdbc.spi.SqlExceptionHelper","thread_name":"main","level":"WARN","level_value":30000}
{"@timestamp":"2023-07-11T11:59:21.3172899+02:00","@version":"1","message":"table \"simple\" does not exist, skipping","logger_name":"org.hibernate.engine.jdbc.spi.SqlExceptionHelper","thread_name":"main","level":"WARN","level_value":30000}
{"@timestamp":"2023-07-11T11:59:21.3172899+02:00","@version":"1","message":"drop sequence if exists simple_seq","logger_name":"org.hibernate.SQL","thread_name":"main","level":"DEBUG","level_value":10000}
{"@timestamp":"2023-07-11T11:59:21.318755+02:00","@version":"1","message":"SQL Warning Code: 0, SQLState: 00000","logger_name":"org.hibernate.engine.jdbc.spi.SqlExceptionHelper","thread_name":"main","level":"WARN","level_value":30000}
{"@timestamp":"2023-07-11T11:59:21.318755+02:00","@version":"1","message":"sequence \"simple_seq\" does not exist, skipping","logger_name":"org.hibernate.engine.jdbc.spi.SqlExceptionHelper","thread_name":"main","level":"WARN","level_value":30000}
{"@timestamp":"2023-07-11T11:59:21.3222554+02:00","@version":"1","message":"create sequence simple_seq start with 1 increment by 50","logger_name":"org.hibernate.SQL","thread_name":"main","level":"DEBUG","level_value":10000}
{"@timestamp":"2023-07-11T11:59:21.3530309+02:00","@version":"1","message":"create table simple (id bigint not null, description varchar(255), primary key (id))","logger_name":"org.hibernate.SQL","thread_name":"main","level":"DEBUG","level_value":10000}
{"@timestamp":"2023-07-11T11:59:21.3697025+02:00","@version":"1","message":"Initialized JPA EntityManagerFactory for persistence unit 'default'","logger_name":"org.springframework.orm.jpa.LocalContainerEntityManagerFactoryBean","thread_name":"main","level":"INFO","level_value":20000}
{"@timestamp":"2023-07-11T11:59:21.4398359+02:00","@version":"1","message":"Creating new EntityManager for shared EntityManager invocation","logger_name":"org.springframework.orm.jpa.SharedEntityManagerCreator$SharedEntityManagerInvocationHandler","thread_name":"main","level":"DEBUG","level_value":10000}
{"@timestamp":"2023-07-11T11:59:21.4768365+02:00","@version":"1","message":"Creating new EntityManager for shared EntityManager invocation","logger_name":"org.springframework.orm.jpa.SharedEntityManagerCreator$SharedEntityManagerInvocationHandler","thread_name":"main","level":"DEBUG","level_value":10000}
{"@timestamp":"2023-07-11T11:59:21.5309853+02:00","@version":"1","message":"Creating new EntityManager for shared EntityManager invocation","logger_name":"org.springframework.orm.jpa.SharedEntityManagerCreator$SharedEntityManagerInvocationHandler","thread_name":"main","level":"DEBUG","level_value":10000}
{"@timestamp":"2023-07-11T11:59:21.6199124+02:00","@version":"1","message":"spring.jpa.open-in-view is enabled by default. Therefore, database queries may be performed during view rendering. Explicitly configure spring.jpa.open-in-view to disable this warning","logger_name":"org.springframework.boot.autoconfigure.orm.jpa.JpaBaseConfiguration$JpaWebConfiguration","thread_name":"main","level":"WARN","level_value":30000}
{"@timestamp":"2023-07-11T11:59:22.0464487+02:00","@version":"1","message":"Exposing 14 endpoint(s) beneath base path '/actuator'","logger_name":"org.springframework.boot.actuate.endpoint.web.EndpointLinksResolver","thread_name":"main","level":"INFO","level_value":20000}
{"@timestamp":"2023-07-11T11:59:22.1270455+02:00","@version":"1","message":"Tomcat started on port(s): 8080 (http) with context path ''","logger_name":"org.springframework.boot.web.embedded.tomcat.TomcatWebServer","thread_name":"main","level":"INFO","level_value":20000}
{"@timestamp":"2023-07-11T11:59:22.1400449+02:00","@version":"1","message":"Started GrafanaInfrastructureApplication in 4.256 seconds (process running for 4.957)","logger_name":"com.rasrov.grafana.infra.GrafanaInfrastructureApplication","thread_name":"main","level":"INFO","level_value":20000}
{"@timestamp":"2023-07-11T11:59:22.6820068+02:00","@version":"1","message":"Initializing Spring DispatcherServlet 'dispatcherServlet'","logger_name":"org.apache.catalina.core.ContainerBase.[Tomcat].[localhost].[/]","thread_name":"http-nio-8080-exec-1","level":"INFO","level_value":20000}
{"@timestamp":"2023-07-11T11:59:22.6820068+02:00","@version":"1","message":"Initializing Servlet 'dispatcherServlet'","logger_name":"org.springframework.web.servlet.DispatcherServlet","thread_name":"http-nio-8080-exec-1","level":"INFO","level_value":20000}
{"@timestamp":"2023-07-11T11:59:22.6830049+02:00","@version":"1","message":"Completed initialization in 1 ms","logger_name":"org.springframework.web.servlet.DispatcherServlet","thread_name":"http-nio-8080-exec-1","level":"INFO","level_value":20000}
